<?xml version="1.0" encoding="utf-8"?><testsuites name="pytest tests"><testsuite name="pytest" errors="0" failures="0" skipped="0" tests="18" time="4.732" timestamp="2026-09-23T12:04:10.281698+00:00" hostname="agent-env-359a0ea6-d7f4-42c3-9c77-ccd3b2e91e47"><testcase classname="tests.test_portal.TestAuth" name="test_root" time="0.496" /><testcase classname="tests.test_portal.TestAuth" name="test_admin_login" time="0.403" /><testcase classname="tests.test_portal.TestApps" name="test_admin_list_apps" time="0.662" /><testcase classname="tests.test_portal.TestAuth" name="test_user_login" time="0.468" /><testcase classname="tests.test_portal.TestApps" name="test_user_list_apps" time="0.702" /><testcase classname="tests.test_portal.TestApps" name="test_get_reclamaciones_schema" time="0.151" /><testcase classname="tests.test_portal.TestAuth" name="test_editor_login" time="0.394" /><testcase classname="tests.test_portal.TestApps" name="test_user_cannot_access_denied_app" time="0.239" /><testcase classname="tests.test_portal.TestSubmissions" name="test_submit_reclamacion_and_auto_numero" time="0.718" /><testcase classname="tests.test_portal.TestAuth" name="test_invalid_login" time="0.345" /><testcase classname="tests.test_portal.TestSubmissions" name="test_missing_required_returns_400_spanish" time="0.156" /><testcase classname="tests.test_portal.TestAuth" name="test_me" time="0.491" /><testcase classname="tests.test_portal.TestAuth" name="test_no_token" time="0.121" /><testcase classname="tests.test_portal.TestSubmissions" name="test_list_submissions_admin_sees_all" time="0.166" /><testcase classname="tests.test_portal.TestAdminUsers" name="test_list_users" time="0.136" /><testcase classname="tests.test_portal.TestSubmissions" name="test_user_sees_only_own" time="0.424" /><testcase classname="tests.test_portal.TestAdminUsers" name="test_non_admin_forbidden" time="0.474" /><testcase classname="tests.test_portal.TestAdminUsers" name="test_create_update_delete" time="0.954" /></testsuite></testsuites>